<?xml version="1.0" encoding="UTF-8"?>
<testsuite xmlns:xsi="http://www.w3.org/2001/XMLSchema-instance" xsi:noNamespaceSchemaLocation="https://maven.apache.org/surefire/maven-surefire-plugin/xsd/surefire-test-report.xsd" name="calculator.ValidationTest" time="0.221" tests="15" errors="0" skipped="0" failures="0">
  <properties>
    <property name="java.specification.version" value="17"/>
    <property name="sun.cpu.isalist" value="amd64"/>
    <property name="sun.jnu.encoding" value="Cp1252"/>
    <property name="java.class.path" value="D:\BER\KAIST\SEM6\PPL3\PRAKTIK\week8\JavaCalcApp\target\test-classes;D:\BER\KAIST\SEM6\PPL3\PRAKTIK\week8\JavaCalcApp\target\classes;C:\Users\Berliana Elfada\.m2\repository\junit\junit\4.11\junit-4.11.jar;C:\Users\Berliana Elfada\.m2\repository\org\hamcrest\hamcrest-core\1.3\hamcrest-core-1.3.jar;"/>
    <property name="java.vm.vendor" value="Oracle Corporation"/>
    <property name="sun.arch.data.model" value="64"/>
    <property name="user.variant" value=""/>
    <property name="java.vendor.url" value="https://java.oracle.com/"/>
    <property name="user.timezone" value="Asia/Jakarta"/>
    <property name="os.name" value="Windows 11"/>
    <property name="java.vm.specification.version" value="17"/>
    <property name="sun.java.launcher" value="SUN_STANDARD"/>
    <property name="user.country" value="US"/>
    <property name="sun.boot.library.path" value="C:\Program Files\Java\jdk-17\bin"/>
    <property name="sun.java.command" value="C:\Users\BERLIA~1\AppData\Local\Temp\surefire17023845570489231659\surefirebooter11405384612696667176.jar C:\Users\Berliana Elfada\AppData\Local\Temp\surefire17023845570489231659 2024-04-21T09-04-41_510-jvmRun1 surefire917181462731891003tmp surefire_011127128223750410212tmp"/>
    <property name="jdk.debug" value="release"/>
    <property name="test" value="ValidationTest"/>
    <property name="surefire.test.class.path" value="D:\BER\KAIST\SEM6\PPL3\PRAKTIK\week8\JavaCalcApp\target\test-classes;D:\BER\KAIST\SEM6\PPL3\PRAKTIK\week8\JavaCalcApp\target\classes;C:\Users\Berliana Elfada\.m2\repository\junit\junit\4.11\junit-4.11.jar;C:\Users\Berliana Elfada\.m2\repository\org\hamcrest\hamcrest-core\1.3\hamcrest-core-1.3.jar;"/>
    <property name="sun.cpu.endian" value="little"/>
    <property name="user.home" value="C:\Users\Berliana Elfada"/>
    <property name="user.language" value="en"/>
    <property name="java.specification.vendor" value="Oracle Corporation"/>
    <property name="java.version.date" value="2023-07-18"/>
    <property name="java.home" value="C:\Program Files\Java\jdk-17"/>
    <property name="file.separator" value="\"/>
    <property name="basedir" value="D:\BER\KAIST\SEM6\PPL3\PRAKTIK\week8\JavaCalcApp"/>
    <property name="java.vm.compressedOopsMode" value="32-bit"/>
    <property name="line.separator" value="&#10;"/>
    <property name="java.vm.specification.vendor" value="Oracle Corporation"/>
    <property name="java.specification.name" value="Java Platform API Specification"/>
    <property name="surefire.real.class.path" value="C:\Users\BERLIA~1\AppData\Local\Temp\surefire17023845570489231659\surefirebooter11405384612696667176.jar"/>
    <property name="user.script" value=""/>
    <property name="sun.management.compiler" value="HotSpot 64-Bit Tiered Compilers"/>
    <property name="java.runtime.version" value="17.0.8+9-LTS-211"/>
    <property name="user.name" value="Berliana Elfada"/>
    <property name="path.separator" value=";"/>
    <property name="os.version" value="10.0"/>
    <property name="java.runtime.name" value="Java(TM) SE Runtime Environment"/>
    <property name="file.encoding" value="Cp1252"/>
    <property name="java.vm.name" value="Java HotSpot(TM) 64-Bit Server VM"/>
    <property name="localRepository" value="C:\Users\Berliana Elfada\.m2\repository"/>
    <property name="java.vendor.url.bug" value="https://bugreport.java.com/bugreport/"/>
    <property name="java.io.tmpdir" value="C:\Users\BERLIA~1\AppData\Local\Temp\"/>
    <property name="java.version" value="17.0.8"/>
    <property name="user.dir" value="D:\BER\KAIST\SEM6\PPL3\PRAKTIK\week8\JavaCalcApp"/>
    <property name="os.arch" value="amd64"/>
    <property name="java.vm.specification.name" value="Java Virtual Machine Specification"/>
    <property name="sun.os.patch.level" value=""/>
    <property name="native.encoding" value="Cp1252"/>
    <property name="java.library.path" value="C:\Program Files\Java\jdk-17\bin;C:\WINDOWS\Sun\Java\bin;C:\WINDOWS\system32;C:\WINDOWS;C:\Program Files\Java\jdk-17\bin;C:\Program Files\Zulu\zulu-8\bin\;C:\Program Files\Java\jdk-17;C:\Program Files\Maven\apache-maven-3.9.4\bin;C:\Program Files\Maven\apache-maven-3.9.4;C:\Users\Berliana Elfada\AppData\Local\Programs\Python\Python311;C:\Users\Berliana Elfada\AppData\Local\Programs\Python\Python311;C:\Program Files (x86)\Microsoft Visual Studio\BuildTools\VC\Tools\MSVC\14.38.33130\bin\Hostx64\x64;C:\oraclexe\app\oracle\product\11.2.0\server\bin;C:\Program Files\Common Files\Oracle\Java\javapath;C:\Program Files (x86)\Common Files\Oracle\Java\javapath;C:\Program Files (x86)\Common Files\Intel\Shared Files\cpp\bin\Intel64;C:\Windows\system32;C:\Windows;C:\Windows\System32\Wbem;C:\Windows\System32\WindowsPowerShell\v1.0\;C:\Windows\System32\OpenSSH\;C:\Program Files (x86)\NVIDIA Corporation\PhysX\Common;C:\Program Files\NVIDIA Corporation\NVIDIA NvDLISR;C:\WINDOWS\system32;C:\WINDOWS;C:\WINDOWS\System32\Wbem;C:\WINDOWS\System32\WindowsPowerShell\v1.0\;C:\WINDOWS\System32\OpenSSH\;C:\Program Files\Git\cmd;C:\Program Files\PuTTY\;C:\ProgramData\chocolatey\bin;D:\swipl\bin;C:\Program Files\dotnet\;C:\Program Files\Microsoft SQL Server\130\Tools\Binn\;C:\Program Files\Microsoft SQL Server\Client SDK\ODBC\170\Tools\Binn\;D:\neo4j\bin;C:\Program Files\Go\bin;C:\Program Files\nodejs\;C:\xampp\php;C:\ProgramData\ComposerSetup\bin;C:\Program Files\CMake\bin;C:\Users\Berliana Elfada\AppData\Local\Programs\Python\Python311;C:\Users\Berliana Elfada\AppData\Local\Programs\Python\Python311\Scripts;C:\Users\Berliana Elfada\AppData\Local\Programs\Python\Python310\Scripts;C:\oraclexe\app\oracle\product\11.2.0\server\bin;C:\Program Files\Java\jdk-17;C:\Program Files\Common Files\Oracle\Java\javapath;C:\Users\Berliana Elfada\AppData\Local\Programs\Microsoft VS Code\bin;C:\Program Files (x86)\Common Files\Intel\Shared Files\cpp\bin\Intel64;C:\Windows\system32;C:\Windows;C:\Windows\System32\Wbem;C:\Windows\System32\WindowsPowerShell\v1.0\;C:\Windows\System32\OpenSSH\;C:\Program Files (x86)\NVIDIA Corporation\PhysX\Common;C:\Program Files\NVIDIA Corporation\NVIDIA NvDLISR;C:\WINDOWS\system32;C:\WINDOWS;C:\WINDOWS\System32\Wbem;C:\WINDOWS\System32\WindowsPowerShell\v1.0\;C:\WINDOWS\System32\OpenSSH\;C:\Program Files\Git\cmd;C:\Program Files\PuTTY\;C:\ProgramData\chocolatey\bin;D:\swipl\bin;C:\Program Files\dotnet\;C:\Program Files\Microsoft SQL Server\130\Tools\Binn\;C:\Progr;."/>
    <property name="java.vm.info" value="mixed mode, sharing"/>
    <property name="java.vendor" value="Oracle Corporation"/>
    <property name="java.vm.version" value="17.0.8+9-LTS-211"/>
    <property name="sun.io.unicode.encoding" value="UnicodeLittle"/>
    <property name="java.class.version" value="61.0"/>
  </properties>
  <testcase name="testValidasiOperand2LessOfRange" classname="calculator.ValidationTest" time="0.001"/>
  <testcase name="testValidasiDivisionByZero" classname="calculator.ValidationTest" time="0.001"/>
  <testcase name="testValidasiInputNonNumerik1" classname="calculator.ValidationTest" time="0"/>
  <testcase name="testValidasiInputNonNumerik2" classname="calculator.ValidationTest" time="0"/>
  <testcase name="testValidasiInputNonNumerik3" classname="calculator.ValidationTest" time="0"/>
  <testcase name="testValidasiInputNonNumerik4" classname="calculator.ValidationTest" time="0.001"/>
  <testcase name="testValidasiInputNonNumerik5" classname="calculator.ValidationTest" time="0"/>
  <testcase name="testValidasiInputNonNumerik6" classname="calculator.ValidationTest" time="0"/>
  <testcase name="testValidasiOperand1OverOfRange" classname="calculator.ValidationTest" time="0.001"/>
  <testcase name="testConvertNegativeIntegerInput1" classname="calculator.ValidationTest" time="0"/>
  <testcase name="testConvertNegativeIntegerInput2" classname="calculator.ValidationTest" time="0"/>
  <testcase name="testValidasiOperand2OverOfRange" classname="calculator.ValidationTest" time="0"/>
  <testcase name="testValidasiInputOperatorAngka" classname="calculator.ValidationTest" time="0.004"/>
  <testcase name="testValidasiInputOperatorKarakterTidakValid" classname="calculator.ValidationTest" time="0"/>
  <testcase name="testValidasiOperand1LessOfRange" classname="calculator.ValidationTest" time="0.001"/>
</testsuite>